<?xml version="1.0" encoding="utf-8"?><testsuites name="pytest tests"><testsuite name="pytest" errors="0" failures="1" skipped="0" tests="7" time="9.050" timestamp="2026-08-20T08:03:41.701534+00:00" hostname="agent-env-e8deb654-b159-4fba-9ac5-99f6c00731d4"><testcase classname="tests.test_market_weather_hotfix.TestMarketPrices" name="test_market_prices_tomato_5x_under_2s" time="5.583"><failure message="AssertionError: iter 0: took 5.58s&#10;assert 5.582359790802002 &lt; 2.0">backend/tests/test_market_weather_hotfix.py:31: in test_market_prices_tomato_5x_under_2s
    assert elapsed &lt; 2.0, f"iter {i}: took {elapsed:.2f}s"
E   AssertionError: iter 0: took 5.58s
E   assert 5.582359790802002 &lt; 2.0</failure></testcase><testcase classname="tests.test_market_weather_hotfix.TestMarketPrices" name="test_market_trend_30_and_90" time="0.373" /><testcase classname="tests.test_market_weather_hotfix.TestWeather" name="test_weather_forecast" time="0.760" /><testcase classname="tests.test_market_weather_hotfix.TestWeather" name="test_weather_geocode" time="0.692" /><testcase classname="tests.test_market_weather_hotfix.TestConcurrency" name="test_8_parallel_market_prices" time="0.571" /><testcase classname="tests.test_market_weather_hotfix.TestSanity" name="test_auth_register_login" time="0.827" /><testcase classname="tests.test_market_weather_hotfix.TestSanity" name="test_advisor_query" time="0.132" /></testsuite></testsuites>