<?xml version="1.0" encoding="utf-8"?><testsuites name="pytest tests"><testsuite name="pytest" errors="0" failures="4" skipped="0" tests="8" time="41.031" timestamp="2026-08-20T08:50:57.697976+00:00" hostname="agent-env-e8deb654-b159-4fba-9ac5-99f6c00731d4"><testcase classname="tests.test_multilang_i7" name="test_set_language_accepts_all_six_codes[en]" time="0.662" /><testcase classname="tests.test_multilang_i7" name="test_set_language_accepts_all_six_codes[hi]" time="0.179" /><testcase classname="tests.test_multilang_i7" name="test_set_language_accepts_all_six_codes[mr]" time="0.096"><failure message="AssertionError: Language 'mr' rejected with 422: {&quot;detail&quot;:[{&quot;type&quot;:&quot;literal_error&quot;,&quot;loc&quot;:[&quot;body&quot;,&quot;language&quot;],&quot;msg&quot;:&quot;Input should be 'en' or 'hi'&quot;,&quot;input&quot;:&quot;mr&quot;,&quot;ctx&quot;:{&quot;expected&quot;:&quot;'en' or 'hi'&quot;},&quot;url&quot;:&quot;https://errors.pydantic.dev/2.13/v/literal_error&quot;}]}. LanguageInput Literal likely still ['en','hi'].&#10;assert 422 == 200&#10; +  where 422 = &lt;Response [422]&gt;.status_code">backend/tests/test_multilang_i7.py:40: in test_set_language_accepts_all_six_codes
    assert r.status_code == 200, (
E   AssertionError: Language 'mr' rejected with 422: {"detail":[{"type":"literal_error","loc":["body","language"],"msg":"Input should be 'en' or 'hi'","input":"mr","ctx":{"expected":"'en' or 'hi'"},"url":"https://errors.pydantic.dev/2.13/v/literal_error"}]}. LanguageInput Literal likely still ['en','hi'].
E   assert 422 == 200
E    +  where 422 = &lt;Response [422]&gt;.status_code</failure></testcase><testcase classname="tests.test_multilang_i7" name="test_set_language_accepts_all_six_codes[ta]" time="0.100"><failure message="AssertionError: Language 'ta' rejected with 422: {&quot;detail&quot;:[{&quot;type&quot;:&quot;literal_error&quot;,&quot;loc&quot;:[&quot;body&quot;,&quot;language&quot;],&quot;msg&quot;:&quot;Input should be 'en' or 'hi'&quot;,&quot;input&quot;:&quot;ta&quot;,&quot;ctx&quot;:{&quot;expected&quot;:&quot;'en' or 'hi'&quot;},&quot;url&quot;:&quot;https://errors.pydantic.dev/2.13/v/literal_error&quot;}]}. LanguageInput Literal likely still ['en','hi'].&#10;assert 422 == 200&#10; +  where 422 = &lt;Response [422]&gt;.status_code">backend/tests/test_multilang_i7.py:40: in test_set_language_accepts_all_six_codes
    assert r.status_code == 200, (
E   AssertionError: Language 'ta' rejected with 422: {"detail":[{"type":"literal_error","loc":["body","language"],"msg":"Input should be 'en' or 'hi'","input":"ta","ctx":{"expected":"'en' or 'hi'"},"url":"https://errors.pydantic.dev/2.13/v/literal_error"}]}. LanguageInput Literal likely still ['en','hi'].
E   assert 422 == 200
E    +  where 422 = &lt;Response [422]&gt;.status_code</failure></testcase><testcase classname="tests.test_multilang_i7" name="test_set_language_accepts_all_six_codes[te]" time="0.196"><failure message="AssertionError: Language 'te' rejected with 422: {&quot;detail&quot;:[{&quot;type&quot;:&quot;literal_error&quot;,&quot;loc&quot;:[&quot;body&quot;,&quot;language&quot;],&quot;msg&quot;:&quot;Input should be 'en' or 'hi'&quot;,&quot;input&quot;:&quot;te&quot;,&quot;ctx&quot;:{&quot;expected&quot;:&quot;'en' or 'hi'&quot;},&quot;url&quot;:&quot;https://errors.pydantic.dev/2.13/v/literal_error&quot;}]}. LanguageInput Literal likely still ['en','hi'].&#10;assert 422 == 200&#10; +  where 422 = &lt;Response [422]&gt;.status_code">backend/tests/test_multilang_i7.py:40: in test_set_language_accepts_all_six_codes
    assert r.status_code == 200, (
E   AssertionError: Language 'te' rejected with 422: {"detail":[{"type":"literal_error","loc":["body","language"],"msg":"Input should be 'en' or 'hi'","input":"te","ctx":{"expected":"'en' or 'hi'"},"url":"https://errors.pydantic.dev/2.13/v/literal_error"}]}. LanguageInput Literal likely still ['en','hi'].
E   assert 422 == 200
E    +  where 422 = &lt;Response [422]&gt;.status_code</failure></testcase><testcase classname="tests.test_multilang_i7" name="test_set_language_accepts_all_six_codes[bn]" time="0.218"><failure message="AssertionError: Language 'bn' rejected with 422: {&quot;detail&quot;:[{&quot;type&quot;:&quot;literal_error&quot;,&quot;loc&quot;:[&quot;body&quot;,&quot;language&quot;],&quot;msg&quot;:&quot;Input should be 'en' or 'hi'&quot;,&quot;input&quot;:&quot;bn&quot;,&quot;ctx&quot;:{&quot;expected&quot;:&quot;'en' or 'hi'&quot;},&quot;url&quot;:&quot;https://errors.pydantic.dev/2.13/v/literal_error&quot;}]}. LanguageInput Literal likely still ['en','hi'].&#10;assert 422 == 200&#10; +  where 422 = &lt;Response [422]&gt;.status_code">backend/tests/test_multilang_i7.py:40: in test_set_language_accepts_all_six_codes
    assert r.status_code == 200, (
E   AssertionError: Language 'bn' rejected with 422: {"detail":[{"type":"literal_error","loc":["body","language"],"msg":"Input should be 'en' or 'hi'","input":"bn","ctx":{"expected":"'en' or 'hi'"},"url":"https://errors.pydantic.dev/2.13/v/literal_error"}]}. LanguageInput Literal likely still ['en','hi'].
E   assert 422 == 200
E    +  where 422 = &lt;Response [422]&gt;.status_code</failure></testcase><testcase classname="tests.test_multilang_i7" name="test_advisor_accepts_new_language_code_schema" time="38.994" /><testcase classname="tests.test_multilang_i7" name="test_voice_transcribe_accepts_language_field_schema" time="0.200" /></testsuite></testsuites>