<?xml version="1.0" encoding="utf-8"?><testsuites name="pytest tests"><testsuite name="pytest" errors="0" failures="0" skipped="0" tests="4" time="7.604" timestamp="2026-08-20T07:24:36.509034+00:00" hostname="agent-env-e8deb654-b159-4fba-9ac5-99f6c00731d4"><testcase classname="tests.test_agriscan_api" name="test_weather_geocode" time="0.975" /><testcase classname="tests.test_agriscan_api" name="test_weather_forecast" time="0.582" /><testcase classname="tests.test_agriscan_api" name="test_weather_forecast_missing_params" time="0.225" /><testcase classname="tests.test_agriscan_api" name="test_diagnose_with_notes_persisted" time="5.275" /></testsuite></testsuites>