<?xml version="1.0" encoding="utf-8"?><testsuites name="pytest tests"><testsuite name="pytest" errors="0" failures="0" skipped="0" tests="13" time="28.896" timestamp="2026-08-20T07:13:13.035442+00:00" hostname="agent-env-e8deb654-b159-4fba-9ac5-99f6c00731d4"><testcase classname="tests.test_agriscan_api" name="test_health" time="0.303" /><testcase classname="tests.test_agriscan_api" name="test_register_and_me" time="0.379" /><testcase classname="tests.test_agriscan_api" name="test_login" time="0.303" /><testcase classname="tests.test_agriscan_api" name="test_language_persistence" time="0.125" /><testcase classname="tests.test_agriscan_api" name="test_calculator" time="0.060" /><testcase classname="tests.test_agriscan_api" name="test_market_crops" time="0.060" /><testcase classname="tests.test_agriscan_api" name="test_market_prices" time="14.548" /><testcase classname="tests.test_agriscan_api" name="test_market_trend" time="11.108" /><testcase classname="tests.test_agriscan_api" name="test_voice_transcribe_missing_field" time="0.242" /><testcase classname="tests.test_agriscan_api" name="test_voice_transcribe_silent_wav" time="1.029" /><testcase classname="tests.test_agriscan_api" name="test_market_listing_crud" time="0.123" /><testcase classname="tests.test_agriscan_api" name="test_advisor_meta" time="0.060" /><testcase classname="tests.test_agriscan_api" name="test_advisor_districts" time="0.076" /></testsuite></testsuites>