<?xml version="1.0" encoding="utf-8"?><testsuites name="pytest tests"><testsuite name="pytest" errors="0" failures="0" skipped="0" tests="8" time="40.861" timestamp="2026-08-20T08:55:24.613459+00:00" hostname="agent-env-e8deb654-b159-4fba-9ac5-99f6c00731d4"><testcase classname="tests.test_multilang_i7" name="test_set_language_accepts_all_six_codes[en]" time="0.535" /><testcase classname="tests.test_multilang_i7" name="test_set_language_accepts_all_six_codes[hi]" time="0.115" /><testcase classname="tests.test_multilang_i7" name="test_set_language_accepts_all_six_codes[mr]" time="0.139" /><testcase classname="tests.test_multilang_i7" name="test_set_language_accepts_all_six_codes[ta]" time="0.145" /><testcase classname="tests.test_multilang_i7" name="test_set_language_accepts_all_six_codes[te]" time="0.108" /><testcase classname="tests.test_multilang_i7" name="test_set_language_accepts_all_six_codes[bn]" time="0.195" /><testcase classname="tests.test_multilang_i7" name="test_advisor_accepts_new_language_code_schema" time="38.987" /><testcase classname="tests.test_multilang_i7" name="test_voice_transcribe_accepts_language_field_schema" time="0.267" /></testsuite></testsuites>