<?xml version="1.0" encoding="utf-8"?><testsuites name="pytest tests"><testsuite name="pytest" errors="0" failures="0" skipped="0" tests="6" time="71.324" timestamp="2026-08-20T09:56:48.841425+00:00" hostname="agent-env-e8deb654-b159-4fba-9ac5-99f6c00731d4"><testcase classname="tests.test_pesticide_lookup.TestPesticideValidation" name="test_missing_both_returns_400" time="0.370" /><testcase classname="tests.test_pesticide_lookup.TestPesticideLookups" name="test_coragen_english" time="13.719" /><testcase classname="tests.test_pesticide_lookup.TestPesticideValidation" name="test_empty_strings_returns_400" time="0.057" /><testcase classname="tests.test_pesticide_lookup.TestPesticideLookups" name="test_roundup_hindi" time="18.707" /><testcase classname="tests.test_pesticide_lookup.TestPesticideLookups" name="test_mancozeb_marathi" time="27.241" /><testcase classname="tests.test_pesticide_lookup.TestPesticideLookups" name="test_tiny_image_still_returns_safety" time="11.277" /></testsuite></testsuites>