<?xml version="1.0" encoding="utf-8"?><testsuites name="pytest tests"><testsuite name="pytest" errors="0" failures="1" skipped="0" tests="15" time="100.430" timestamp="2026-08-20T06:51:46.261032+00:00" hostname="agent-env-e8deb654-b159-4fba-9ac5-99f6c00731d4"><testcase classname="tests.test_agriscan_api" name="test_health" time="0.331" /><testcase classname="tests.test_agriscan_api" name="test_register_and_me" time="0.376" /><testcase classname="tests.test_agriscan_api" name="test_login" time="0.304" /><testcase classname="tests.test_agriscan_api" name="test_language_persistence" time="0.113" /><testcase classname="tests.test_agriscan_api" name="test_calculator" time="0.056" /><testcase classname="tests.test_agriscan_api" name="test_market_crops" time="0.056" /><testcase classname="tests.test_agriscan_api" name="test_market_prices" time="0.055" /><testcase classname="tests.test_agriscan_api" name="test_market_trend" time="0.057" /><testcase classname="tests.test_agriscan_api" name="test_market_listing_crud" time="0.058"><failure message="AssertionError: {&quot;detail&quot;:[{&quot;type&quot;:&quot;missing&quot;,&quot;loc&quot;:[&quot;body&quot;,&quot;asking_price_per_kg&quot;],&quot;msg&quot;:&quot;Field required&quot;,&quot;input&quot;:{&quot;crop&quot;:&quot;Tomato&quot;,&quot;quantity_kg&quot;:100,&quot;price_per_kg&quot;:25.5,&quot;region&quot;:&quot;Maharashtra&quot;,&quot;district&quot;:&quot;Pune&quot;,&quot;contact&quot;:&quot;9999999999&quot;},&quot;url&quot;:&quot;https://errors.pydantic.dev/2.13/v/missing&quot;}]}&#10;assert 422 == 200&#10; +  where 422 = &lt;Response [422]&gt;.status_code">backend/tests/test_agriscan_api.py:144: in test_market_listing_crud
    assert r.status_code == 200, r.text
E   AssertionError: {"detail":[{"type":"missing","loc":["body","asking_price_per_kg"],"msg":"Field required","input":{"crop":"Tomato","quantity_kg":100,"price_per_kg":25.5,"region":"Maharashtra","district":"Pune","contact":"9999999999"},"url":"https://errors.pydantic.dev/2.13/v/missing"}]}
E   assert 422 == 200
E    +  where 422 = &lt;Response [422]&gt;.status_code</failure></testcase><testcase classname="tests.test_agriscan_api" name="test_advisor_meta" time="0.059" /><testcase classname="tests.test_agriscan_api" name="test_advisor_districts" time="0.055" /><testcase classname="tests.test_agriscan_api" name="test_advisor_query_en" time="41.704" /><testcase classname="tests.test_agriscan_api" name="test_advisor_query_hi" time="52.772" /><testcase classname="tests.test_agriscan_api" name="test_diagnose_returns_report" time="3.179" /><testcase classname="tests.test_agriscan_api" name="test_scans_list_and_get_and_delete" time="0.735" /></testsuite></testsuites>