<?xml version="1.0" encoding="utf-8"?><testsuites name="pytest tests"><testsuite name="pytest" errors="0" failures="0" skipped="0" tests="6" time="2.663" timestamp="2026-08-20T09:15:05.630466+00:00" hostname="agent-env-e8deb654-b159-4fba-9ac5-99f6c00731d4"><testcase classname="tests.test_listing_tracking_i9.TestTracking" name="test_track_contact_increments" time="1.401" /><testcase classname="tests.test_listing_tracking_i9.TestTracking" name="test_track_share_increments" time="0.244" /><testcase classname="tests.test_listing_tracking_i9.TestTracking" name="test_track_view_increments" time="0.250" /><testcase classname="tests.test_listing_tracking_i9.TestTracking" name="test_track_invalid_kind_returns_422" time="0.123" /><testcase classname="tests.test_listing_tracking_i9.TestTracking" name="test_track_missing_kind_returns_422" time="0.160" /><testcase classname="tests.test_listing_tracking_i9.TestTracking" name="test_track_nonexistent_listing_returns_200_ok_false" time="0.115" /></testsuite></testsuites>